[31m[Nest] 24480  - [39m06/03/2026, 10:45:14 PM [31m  ERROR[39m [38;5;3m[OphimService] [39m[31mOPhim API error [/]: Request failed with status code 404[39m
[31m[Nest] 5988  - [39m06/03/2026, 10:56:27 PM [31m  ERROR[39m [38;5;3m[NestApplication] [39m[31mError: listen EADDRINUSE: address already in use :::8080[39m[38;5;3m +3ms[39m
node:net:1904
    const ex = new UVExceptionWithHostPort(err, 'listen', address, port);
               ^

Error: listen EADDRINUSE: address already in use :::8080
    at Server.setupListenHandle [as _listen2] (node:net:1904:16)
    at listenInCluster (node:net:1961:12)
    at Server.listen (node:net:2063:7)
    at ExpressAdapter.listen (K:\MocPhim\Backend-NestJS\node_modules\@nestjs\platform-express\adapters\express-adapter.js:115:32)
    at K:\MocPhim\Backend-NestJS\node_modules\@nestjs\core\nest-application.js:190:30
    at new Promise (<anonymous>)
    at NestApplication.listen (K:\MocPhim\Backend-NestJS\node_modules\@nestjs\core\nest-application.js:180:16)
    at process.processTicksAndRejections (node:internal/process/task_queues:95:5)
    at async bootstrap (K:\MocPhim\Backend-NestJS\src\main.ts:32:3) {
  code: 'EADDRINUSE',
  errno: -4091,
  syscall: 'listen',
  address: '::',
  port: 8080
}

Node.js v20.18.0
[31m[Nest] 23936  - [39m06/03/2026, 11:00:03 PM [31m  ERROR[39m [38;5;3m[GlobalExceptionFilter] [39m[31mOFFSET must not be negative[39m
QueryFailedError: OFFSET must not be negative
    at PostgresQueryRunner.query (K:\MocPhim\Backend-NestJS\node_modules\typeorm\driver\src\driver\postgres\PostgresQueryRunner.ts:325:19)
    at process.processTicksAndRejections (node:internal/process/task_queues:95:5)
    at async SelectQueryBuilder.loadRawResults (K:\MocPhim\Backend-NestJS\node_modules\typeorm\query-builder\src\query-builder\SelectQueryBuilder.ts:3818:25)
    at async SelectQueryBuilder.executeEntitiesAndRawResults (K:\MocPhim\Backend-NestJS\node_modules\typeorm\query-builder\src\query-builder\SelectQueryBuilder.ts:3564:26)
    at async SelectQueryBuilder.getManyAndCount (K:\MocPhim\Backend-NestJS\node_modules\typeorm\query-builder\src\query-builder\SelectQueryBuilder.ts:1820:36)
    at async SyncService.getSynced (K:\MocPhim\Backend-NestJS\src\modules\sync\sync.service.ts:71:28)
    at async SyncController.getSynced (K:\MocPhim\Backend-NestJS\src\modules\sync\sync.controller.ts:20:18)
    at async K:\MocPhim\Backend-NestJS\node_modules\@nestjs\core\router\router-execution-context.js:46:28
    at async K:\MocPhim\Backend-NestJS\node_modules\@nestjs\core\router\router-proxy.js:9:17
[31m[Nest] 23936  - [39m06/03/2026, 11:00:03 PM [31m  ERROR[39m [38;5;3m[GlobalExceptionFilter] [39m[31mOFFSET must not be negative[39m
QueryFailedError: OFFSET must not be negative
    at PostgresQueryRunner.query (K:\MocPhim\Backend-NestJS\node_modules\typeorm\driver\src\driver\postgres\PostgresQueryRunner.ts:325:19)
    at process.processTicksAndRejections (node:internal/process/task_queues:95:5)
    at async SelectQueryBuilder.loadRawResults (K:\MocPhim\Backend-NestJS\node_modules\typeorm\query-builder\src\query-builder\SelectQueryBuilder.ts:3818:25)
    at async SelectQueryBuilder.executeEntitiesAndRawResults (K:\MocPhim\Backend-NestJS\node_modules\typeorm\query-builder\src\query-builder\SelectQueryBuilder.ts:3564:26)
    at async SelectQueryBuilder.getManyAndCount (K:\MocPhim\Backend-NestJS\node_modules\typeorm\query-builder\src\query-builder\SelectQueryBuilder.ts:1820:36)
    at async SyncService.getSynced (K:\MocPhim\Backend-NestJS\src\modules\sync\sync.service.ts:71:28)
    at async SyncController.getSynced (K:\MocPhim\Backend-NestJS\src\modules\sync\sync.controller.ts:20:18)
    at async K:\MocPhim\Backend-NestJS\node_modules\@nestjs\core\router\router-execution-context.js:46:28
    at async K:\MocPhim\Backend-NestJS\node_modules\@nestjs\core\router\router-proxy.js:9:17
[31m[Nest] 8632  - [39m06/03/2026, 11:00:13 PM [31m  ERROR[39m [38;5;3m[NestApplication] [39m[31mError: listen EADDRINUSE: address already in use :::8080[39m[38;5;3m +6ms[39m
node:net:1904
    const ex = new UVExceptionWithHostPort(err, 'listen', address, port);
               ^

Error: listen EADDRINUSE: address already in use :::8080
    at Server.setupListenHandle [as _listen2] (node:net:1904:16)
    at listenInCluster (node:net:1961:12)
    at Server.listen (node:net:2063:7)
    at ExpressAdapter.listen (K:\MocPhim\Backend-NestJS\node_modules\@nestjs\platform-express\adapters\express-adapter.js:115:32)
    at K:\MocPhim\Backend-NestJS\node_modules\@nestjs\core\nest-application.js:190:30
    at new Promise (<anonymous>)
    at NestApplication.listen (K:\MocPhim\Backend-NestJS\node_modules\@nestjs\core\nest-application.js:180:16)
    at process.processTicksAndRejections (node:internal/process/task_queues:95:5)
    at async bootstrap (K:\MocPhim\Backend-NestJS\src\main.ts:32:3) {
  code: 'EADDRINUSE',
  errno: -4091,
  syscall: 'listen',
  address: '::',
  port: 8080
}

Node.js v20.18.0
[31m[Nest] 31932  - [39m06/03/2026, 11:00:21 PM [31m  ERROR[39m [38;5;3m[NestApplication] [39m[31mError: listen EADDRINUSE: address already in use :::8080[39m[38;5;3m +10ms[39m
node:net:1904
    const ex = new UVExceptionWithHostPort(err, 'listen', address, port);
               ^

Error: listen EADDRINUSE: address already in use :::8080
    at Server.setupListenHandle [as _listen2] (node:net:1904:16)
    at listenInCluster (node:net:1961:12)
    at Server.listen (node:net:2063:7)
    at ExpressAdapter.listen (K:\MocPhim\Backend-NestJS\node_modules\@nestjs\platform-express\adapters\express-adapter.js:115:32)
    at K:\MocPhim\Backend-NestJS\node_modules\@nestjs\core\nest-application.js:190:30
    at new Promise (<anonymous>)
    at NestApplication.listen (K:\MocPhim\Backend-NestJS\node_modules\@nestjs\core\nest-application.js:180:16)
    at process.processTicksAndRejections (node:internal/process/task_queues:95:5)
    at async bootstrap (K:\MocPhim\Backend-NestJS\src\main.ts:32:3) {
  code: 'EADDRINUSE',
  errno: -4091,
  syscall: 'listen',
  address: '::',
  port: 8080
}

Node.js v20.18.0
[31m[Nest] 17912  - [39m06/03/2026, 11:00:32 PM [31m  ERROR[39m [38;5;3m[GlobalExceptionFilter] [39m[31mOFFSET must not be negative[39m
QueryFailedError: OFFSET must not be negative
    at PostgresQueryRunner.query (K:\MocPhim\Backend-NestJS\node_modules\typeorm\driver\src\driver\postgres\PostgresQueryRunner.ts:325:19)
    at process.processTicksAndRejections (node:internal/process/task_queues:95:5)
    at async SelectQueryBuilder.loadRawResults (K:\MocPhim\Backend-NestJS\node_modules\typeorm\query-builder\src\query-builder\SelectQueryBuilder.ts:3818:25)
    at async SelectQueryBuilder.executeEntitiesAndRawResults (K:\MocPhim\Backend-NestJS\node_modules\typeorm\query-builder\src\query-builder\SelectQueryBuilder.ts:3564:26)
    at async SelectQueryBuilder.getManyAndCount (K:\MocPhim\Backend-NestJS\node_modules\typeorm\query-builder\src\query-builder\SelectQueryBuilder.ts:1820:36)
    at async SyncService.getSynced (K:\MocPhim\Backend-NestJS\src\modules\sync\sync.service.ts:71:28)
    at async SyncController.getSynced (K:\MocPhim\Backend-NestJS\src\modules\sync\sync.controller.ts:20:18)
    at async K:\MocPhim\Backend-NestJS\node_modules\@nestjs\core\router\router-execution-context.js:46:28
    at async K:\MocPhim\Backend-NestJS\node_modules\@nestjs\core\router\router-proxy.js:9:17
[31m[Nest] 17912  - [39m06/03/2026, 11:00:32 PM [31m  ERROR[39m [38;5;3m[GlobalExceptionFilter] [39m[31mOFFSET must not be negative[39m
QueryFailedError: OFFSET must not be negative
    at PostgresQueryRunner.query (K:\MocPhim\Backend-NestJS\node_modules\typeorm\driver\src\driver\postgres\PostgresQueryRunner.ts:325:19)
    at process.processTicksAndRejections (node:internal/process/task_queues:95:5)
    at async SelectQueryBuilder.loadRawResults (K:\MocPhim\Backend-NestJS\node_modules\typeorm\query-builder\src\query-builder\SelectQueryBuilder.ts:3818:25)
    at async SelectQueryBuilder.executeEntitiesAndRawResults (K:\MocPhim\Backend-NestJS\node_modules\typeorm\query-builder\src\query-builder\SelectQueryBuilder.ts:3564:26)
    at async SelectQueryBuilder.getManyAndCount (K:\MocPhim\Backend-NestJS\node_modules\typeorm\query-builder\src\query-builder\SelectQueryBuilder.ts:1820:36)
    at async SyncService.getSynced (K:\MocPhim\Backend-NestJS\src\modules\sync\sync.service.ts:71:28)
    at async SyncController.getSynced (K:\MocPhim\Backend-NestJS\src\modules\sync\sync.controller.ts:20:18)
    at async K:\MocPhim\Backend-NestJS\node_modules\@nestjs\core\router\router-execution-context.js:46:28
    at async K:\MocPhim\Backend-NestJS\node_modules\@nestjs\core\router\router-proxy.js:9:17
[31m[Nest] 30628  - [39m06/03/2026, 11:00:39 PM [31m  ERROR[39m [38;5;3m[NestApplication] [39m[31mError: listen EADDRINUSE: address already in use :::8080[39m[38;5;3m +19ms[39m
node:net:1904
    const ex = new UVExceptionWithHostPort(err, 'listen', address, port);
               ^

Error: listen EADDRINUSE: address already in use :::8080
    at Server.setupListenHandle [as _listen2] (node:net:1904:16)
    at listenInCluster (node:net:1961:12)
    at Server.listen (node:net:2063:7)
    at ExpressAdapter.listen (K:\MocPhim\Backend-NestJS\node_modules\@nestjs\platform-express\adapters\express-adapter.js:115:32)
    at K:\MocPhim\Backend-NestJS\node_modules\@nestjs\core\nest-application.js:190:30
    at new Promise (<anonymous>)
    at NestApplication.listen (K:\MocPhim\Backend-NestJS\node_modules\@nestjs\core\nest-application.js:180:16)
    at process.processTicksAndRejections (node:internal/process/task_queues:95:5)
    at async bootstrap (K:\MocPhim\Backend-NestJS\src\main.ts:32:3) {
  code: 'EADDRINUSE',
  errno: -4091,
  syscall: 'listen',
  address: '::',
  port: 8080
}

Node.js v20.18.0
[31m[Nest] 15392  - [39m06/03/2026, 11:00:58 PM [31m  ERROR[39m [38;5;3m[NestApplication] [39m[31mError: listen EADDRINUSE: address already in use :::8080[39m[38;5;3m +8ms[39m
node:net:1904
    const ex = new UVExceptionWithHostPort(err, 'listen', address, port);
               ^

Error: listen EADDRINUSE: address already in use :::8080
    at Server.setupListenHandle [as _listen2] (node:net:1904:16)
    at listenInCluster (node:net:1961:12)
    at Server.listen (node:net:2063:7)
    at ExpressAdapter.listen (K:\MocPhim\Backend-NestJS\node_modules\@nestjs\platform-express\adapters\express-adapter.js:115:32)
    at K:\MocPhim\Backend-NestJS\node_modules\@nestjs\core\nest-application.js:190:30
    at new Promise (<anonymous>)
    at NestApplication.listen (K:\MocPhim\Backend-NestJS\node_modules\@nestjs\core\nest-application.js:180:16)
    at process.processTicksAndRejections (node:internal/process/task_queues:95:5)
    at async bootstrap (K:\MocPhim\Backend-NestJS\src\main.ts:32:3) {
  code: 'EADDRINUSE',
  errno: -4091,
  syscall: 'listen',
  address: '::',
  port: 8080
}

Node.js v20.18.0
[31m[Nest] 27488  - [39m06/03/2026, 11:12:30 PM [31m  ERROR[39m [38;5;3m[GlobalExceptionFilter] [39m[31mOFFSET must not be negative[39m
QueryFailedError: OFFSET must not be negative
    at PostgresQueryRunner.query (K:\MocPhim\Backend-NestJS\node_modules\typeorm\driver\src\driver\postgres\PostgresQueryRunner.ts:325:19)
    at process.processTicksAndRejections (node:internal/process/task_queues:95:5)
    at async SelectQueryBuilder.loadRawResults (K:\MocPhim\Backend-NestJS\node_modules\typeorm\query-builder\src\query-builder\SelectQueryBuilder.ts:3818:25)
    at async SelectQueryBuilder.executeEntitiesAndRawResults (K:\MocPhim\Backend-NestJS\node_modules\typeorm\query-builder\src\query-builder\SelectQueryBuilder.ts:3564:26)
    at async SelectQueryBuilder.getManyAndCount (K:\MocPhim\Backend-NestJS\node_modules\typeorm\query-builder\src\query-builder\SelectQueryBuilder.ts:1820:36)
    at async SyncService.getSynced (K:\MocPhim\Backend-NestJS\src\modules\sync\sync.service.ts:109:28)
    at async SyncController.getSynced (K:\MocPhim\Backend-NestJS\src\modules\sync\sync.controller.ts:35:18)
    at async K:\MocPhim\Backend-NestJS\node_modules\@nestjs\core\router\router-execution-context.js:46:28
    at async K:\MocPhim\Backend-NestJS\node_modules\@nestjs\core\router\router-proxy.js:9:17
[31m[Nest] 27488  - [39m06/03/2026, 11:12:30 PM [31m  ERROR[39m [38;5;3m[GlobalExceptionFilter] [39m[31mOFFSET must not be negative[39m
QueryFailedError: OFFSET must not be negative
    at PostgresQueryRunner.query (K:\MocPhim\Backend-NestJS\node_modules\typeorm\driver\src\driver\postgres\PostgresQueryRunner.ts:325:19)
    at process.processTicksAndRejections (node:internal/process/task_queues:95:5)
    at async SelectQueryBuilder.loadRawResults (K:\MocPhim\Backend-NestJS\node_modules\typeorm\query-builder\src\query-builder\SelectQueryBuilder.ts:3818:25)
    at async SelectQueryBuilder.executeEntitiesAndRawResults (K:\MocPhim\Backend-NestJS\node_modules\typeorm\query-builder\src\query-builder\SelectQueryBuilder.ts:3564:26)
    at async SelectQueryBuilder.getManyAndCount (K:\MocPhim\Backend-NestJS\node_modules\typeorm\query-builder\src\query-builder\SelectQueryBuilder.ts:1820:36)
    at async AdminController.getUsers (K:\MocPhim\Backend-NestJS\src\modules\admin\admin.controller.ts:27:28)
    at async K:\MocPhim\Backend-NestJS\node_modules\@nestjs\core\router\router-execution-context.js:46:28
    at async K:\MocPhim\Backend-NestJS\node_modules\@nestjs\core\router\router-proxy.js:9:17
[31m[Nest] 27488  - [39m06/03/2026, 11:12:30 PM [31m  ERROR[39m [38;5;3m[GlobalExceptionFilter] [39m[31mOFFSET must not be negative[39m
QueryFailedError: OFFSET must not be negative
    at PostgresQueryRunner.query (K:\MocPhim\Backend-NestJS\node_modules\typeorm\driver\src\driver\postgres\PostgresQueryRunner.ts:325:19)
    at process.processTicksAndRejections (node:internal/process/task_queues:95:5)
    at async SelectQueryBuilder.loadRawResults (K:\MocPhim\Backend-NestJS\node_modules\typeorm\query-builder\src\query-builder\SelectQueryBuilder.ts:3818:25)
    at async SelectQueryBuilder.executeEntitiesAndRawResults (K:\MocPhim\Backend-NestJS\node_modules\typeorm\query-builder\src\query-builder\SelectQueryBuilder.ts:3564:26)
    at async SelectQueryBuilder.getManyAndCount (K:\MocPhim\Backend-NestJS\node_modules\typeorm\query-builder\src\query-builder\SelectQueryBuilder.ts:1820:36)
    at async SyncService.getSynced (K:\MocPhim\Backend-NestJS\src\modules\sync\sync.service.ts:109:28)
    at async SyncController.getSynced (K:\MocPhim\Backend-NestJS\src\modules\sync\sync.controller.ts:35:18)
    at async K:\MocPhim\Backend-NestJS\node_modules\@nestjs\core\router\router-execution-context.js:46:28
    at async K:\MocPhim\Backend-NestJS\node_modules\@nestjs\core\router\router-proxy.js:9:17
[31m[Nest] 27488  - [39m06/03/2026, 11:12:30 PM [31m  ERROR[39m [38;5;3m[GlobalExceptionFilter] [39m[31mOFFSET must not be negative[39m
QueryFailedError: OFFSET must not be negative
    at PostgresQueryRunner.query (K:\MocPhim\Backend-NestJS\node_modules\typeorm\driver\src\driver\postgres\PostgresQueryRunner.ts:325:19)
    at process.processTicksAndRejections (node:internal/process/task_queues:95:5)
    at async SelectQueryBuilder.loadRawResults (K:\MocPhim\Backend-NestJS\node_modules\typeorm\query-builder\src\query-builder\SelectQueryBuilder.ts:3818:25)
    at async SelectQueryBuilder.executeEntitiesAndRawResults (K:\MocPhim\Backend-NestJS\node_modules\typeorm\query-builder\src\query-builder\SelectQueryBuilder.ts:3564:26)
    at async SelectQueryBuilder.getManyAndCount (K:\MocPhim\Backend-NestJS\node_modules\typeorm\query-builder\src\query-builder\SelectQueryBuilder.ts:1820:36)
    at async AdminController.getUsers (K:\MocPhim\Backend-NestJS\src\modules\admin\admin.controller.ts:27:28)
    at async K:\MocPhim\Backend-NestJS\node_modules\@nestjs\core\router\router-execution-context.js:46:28
    at async K:\MocPhim\Backend-NestJS\node_modules\@nestjs\core\router\router-proxy.js:9:17
[31m[Nest] 27488  - [39m06/03/2026, 11:12:51 PM [31m  ERROR[39m [38;5;3m[GlobalExceptionFilter] [39m[31mOFFSET must not be negative[39m
QueryFailedError: OFFSET must not be negative
    at PostgresQueryRunner.query (K:\MocPhim\Backend-NestJS\node_modules\typeorm\driver\src\driver\postgres\PostgresQueryRunner.ts:325:19)
    at process.processTicksAndRejections (node:internal/process/task_queues:95:5)
    at async SelectQueryBuilder.loadRawResults (K:\MocPhim\Backend-NestJS\node_modules\typeorm\query-builder\src\query-builder\SelectQueryBuilder.ts:3818:25)
    at async SelectQueryBuilder.executeEntitiesAndRawResults (K:\MocPhim\Backend-NestJS\node_modules\typeorm\query-builder\src\query-builder\SelectQueryBuilder.ts:3564:26)
    at async SelectQueryBuilder.getManyAndCount (K:\MocPhim\Backend-NestJS\node_modules\typeorm\query-builder\src\query-builder\SelectQueryBuilder.ts:1820:36)
    at async SyncService.getSynced (K:\MocPhim\Backend-NestJS\src\modules\sync\sync.service.ts:109:28)
    at async SyncController.getSynced (K:\MocPhim\Backend-NestJS\src\modules\sync\sync.controller.ts:35:18)
    at async K:\MocPhim\Backend-NestJS\node_modules\@nestjs\core\router\router-execution-context.js:46:28
    at async K:\MocPhim\Backend-NestJS\node_modules\@nestjs\core\router\router-proxy.js:9:17
[31m[Nest] 27488  - [39m06/03/2026, 11:14:02 PM [31m  ERROR[39m [38;5;3m[GlobalExceptionFilter] [39m[31mOFFSET must not be negative[39m
QueryFailedError: OFFSET must not be negative
    at PostgresQueryRunner.query (K:\MocPhim\Backend-NestJS\node_modules\typeorm\driver\src\driver\postgres\PostgresQueryRunner.ts:325:19)
    at process.processTicksAndRejections (node:internal/process/task_queues:95:5)
    at async SelectQueryBuilder.loadRawResults (K:\MocPhim\Backend-NestJS\node_modules\typeorm\query-builder\src\query-builder\SelectQueryBuilder.ts:3818:25)
    at async SelectQueryBuilder.executeEntitiesAndRawResults (K:\MocPhim\Backend-NestJS\node_modules\typeorm\query-builder\src\query-builder\SelectQueryBuilder.ts:3564:26)
    at async SelectQueryBuilder.getManyAndCount (K:\MocPhim\Backend-NestJS\node_modules\typeorm\query-builder\src\query-builder\SelectQueryBuilder.ts:1820:36)
    at async SyncService.getSynced (K:\MocPhim\Backend-NestJS\src\modules\sync\sync.service.ts:109:28)
    at async SyncController.getSynced (K:\MocPhim\Backend-NestJS\src\modules\sync\sync.controller.ts:35:18)
    at async K:\MocPhim\Backend-NestJS\node_modules\@nestjs\core\router\router-execution-context.js:46:28
    at async K:\MocPhim\Backend-NestJS\node_modules\@nestjs\core\router\router-proxy.js:9:17
[31m[Nest] 27488  - [39m06/03/2026, 11:14:24 PM [31m  ERROR[39m [38;5;3m[GlobalExceptionFilter] [39m[31mOFFSET must not be negative[39m
QueryFailedError: OFFSET must not be negative
    at PostgresQueryRunner.query (K:\MocPhim\Backend-NestJS\node_modules\typeorm\driver\src\driver\postgres\PostgresQueryRunner.ts:325:19)
    at process.processTicksAndRejections (node:internal/process/task_queues:95:5)
    at async SelectQueryBuilder.loadRawResults (K:\MocPhim\Backend-NestJS\node_modules\typeorm\query-builder\src\query-builder\SelectQueryBuilder.ts:3818:25)
    at async SelectQueryBuilder.executeEntitiesAndRawResults (K:\MocPhim\Backend-NestJS\node_modules\typeorm\query-builder\src\query-builder\SelectQueryBuilder.ts:3564:26)
    at async SelectQueryBuilder.getManyAndCount (K:\MocPhim\Backend-NestJS\node_modules\typeorm\query-builder\src\query-builder\SelectQueryBuilder.ts:1820:36)
    at async SyncService.getSynced (K:\MocPhim\Backend-NestJS\src\modules\sync\sync.service.ts:109:28)
    at async SyncController.getSynced (K:\MocPhim\Backend-NestJS\src\modules\sync\sync.controller.ts:35:18)
    at async K:\MocPhim\Backend-NestJS\node_modules\@nestjs\core\router\router-execution-context.js:46:28
    at async K:\MocPhim\Backend-NestJS\node_modules\@nestjs\core\router\router-proxy.js:9:17
[31m[Nest] 8200  - [39m06/03/2026, 11:17:23 PM [31m  ERROR[39m [38;5;3m[GlobalExceptionFilter] [39m[31mOFFSET must not be negative[39m
QueryFailedError: OFFSET must not be negative
    at PostgresQueryRunner.query (K:\MocPhim\Backend-NestJS\node_modules\typeorm\driver\src\driver\postgres\PostgresQueryRunner.ts:325:19)
    at process.processTicksAndRejections (node:internal/process/task_queues:95:5)
    at async SelectQueryBuilder.loadRawResults (K:\MocPhim\Backend-NestJS\node_modules\typeorm\query-builder\src\query-builder\SelectQueryBuilder.ts:3818:25)
    at async SelectQueryBuilder.executeEntitiesAndRawResults (K:\MocPhim\Backend-NestJS\node_modules\typeorm\query-builder\src\query-builder\SelectQueryBuilder.ts:3564:26)
    at async SelectQueryBuilder.getManyAndCount (K:\MocPhim\Backend-NestJS\node_modules\typeorm\query-builder\src\query-builder\SelectQueryBuilder.ts:1820:36)
    at async SyncService.getSynced (K:\MocPhim\Backend-NestJS\src\modules\sync\sync.service.ts:109:28)
    at async SyncController.getSynced (K:\MocPhim\Backend-NestJS\src\modules\sync\sync.controller.ts:35:18)
    at async K:\MocPhim\Backend-NestJS\node_modules\@nestjs\core\router\router-execution-context.js:46:28
    at async K:\MocPhim\Backend-NestJS\node_modules\@nestjs\core\router\router-proxy.js:9:17
[31m[Nest] 23480  - [39m06/03/2026, 11:24:49 PM [31m  ERROR[39m [38;5;3m[OphimService] [39m[31mOPhim API error [/phim/vo-dich-thien-ha]: Request failed with status code 404[39m
[31m[Nest] 23480  - [39m06/03/2026, 11:32:14 PM [31m  ERROR[39m [38;5;3m[GlobalExceptionFilter] [39m[31mOFFSET must not be negative[39m
QueryFailedError: OFFSET must not be negative
    at PostgresQueryRunner.query (K:\MocPhim\Backend-NestJS\node_modules\typeorm\driver\src\driver\postgres\PostgresQueryRunner.ts:325:19)
    at process.processTicksAndRejections (node:internal/process/task_queues:95:5)
    at async SelectQueryBuilder.loadRawResults (K:\MocPhim\Backend-NestJS\node_modules\typeorm\query-builder\src\query-builder\SelectQueryBuilder.ts:3818:25)
    at async SelectQueryBuilder.executeEntitiesAndRawResults (K:\MocPhim\Backend-NestJS\node_modules\typeorm\query-builder\src\query-builder\SelectQueryBuilder.ts:3564:26)
    at async SelectQueryBuilder.getManyAndCount (K:\MocPhim\Backend-NestJS\node_modules\typeorm\query-builder\src\query-builder\SelectQueryBuilder.ts:1820:36)
    at async SyncService.getSynced (K:\MocPhim\Backend-NestJS\src\modules\sync\sync.service.ts:109:28)
    at async SyncController.getSynced (K:\MocPhim\Backend-NestJS\src\modules\sync\sync.controller.ts:35:18)
    at async K:\MocPhim\Backend-NestJS\node_modules\@nestjs\core\router\router-execution-context.js:46:28
    at async K:\MocPhim\Backend-NestJS\node_modules\@nestjs\core\router\router-proxy.js:9:17
[31m[Nest] 23480  - [39m06/03/2026, 11:32:14 PM [31m  ERROR[39m [38;5;3m[GlobalExceptionFilter] [39m[31mOFFSET must not be negative[39m
QueryFailedError: OFFSET must not be negative
    at PostgresQueryRunner.query (K:\MocPhim\Backend-NestJS\node_modules\typeorm\driver\src\driver\postgres\PostgresQueryRunner.ts:325:19)
    at process.processTicksAndRejections (node:internal/process/task_queues:95:5)
    at async SelectQueryBuilder.loadRawResults (K:\MocPhim\Backend-NestJS\node_modules\typeorm\query-builder\src\query-builder\SelectQueryBuilder.ts:3818:25)
    at async SelectQueryBuilder.executeEntitiesAndRawResults (K:\MocPhim\Backend-NestJS\node_modules\typeorm\query-builder\src\query-builder\SelectQueryBuilder.ts:3564:26)
    at async SelectQueryBuilder.getManyAndCount (K:\MocPhim\Backend-NestJS\node_modules\typeorm\query-builder\src\query-builder\SelectQueryBuilder.ts:1820:36)
    at async SyncService.getSynced (K:\MocPhim\Backend-NestJS\src\modules\sync\sync.service.ts:109:28)
    at async SyncController.getSynced (K:\MocPhim\Backend-NestJS\src\modules\sync\sync.controller.ts:35:18)
    at async K:\MocPhim\Backend-NestJS\node_modules\@nestjs\core\router\router-execution-context.js:46:28
    at async K:\MocPhim\Backend-NestJS\node_modules\@nestjs\core\router\router-proxy.js:9:17
[31m[Nest] 23480  - [39m06/03/2026, 11:32:14 PM [31m  ERROR[39m [38;5;3m[GlobalExceptionFilter] [39m[31mOFFSET must not be negative[39m
QueryFailedError: OFFSET must not be negative
    at PostgresQueryRunner.query (K:\MocPhim\Backend-NestJS\node_modules\typeorm\driver\src\driver\postgres\PostgresQueryRunner.ts:325:19)
    at process.processTicksAndRejections (node:internal/process/task_queues:95:5)
    at async SelectQueryBuilder.loadRawResults (K:\MocPhim\Backend-NestJS\node_modules\typeorm\query-builder\src\query-builder\SelectQueryBuilder.ts:3818:25)
    at async SelectQueryBuilder.executeEntitiesAndRawResults (K:\MocPhim\Backend-NestJS\node_modules\typeorm\query-builder\src\query-builder\SelectQueryBuilder.ts:3564:26)
    at async SelectQueryBuilder.getManyAndCount (K:\MocPhim\Backend-NestJS\node_modules\typeorm\query-builder\src\query-builder\SelectQueryBuilder.ts:1820:36)
    at async AdminController.getUsers (K:\MocPhim\Backend-NestJS\src\modules\admin\admin.controller.ts:27:28)
    at async K:\MocPhim\Backend-NestJS\node_modules\@nestjs\core\router\router-execution-context.js:46:28
    at async K:\MocPhim\Backend-NestJS\node_modules\@nestjs\core\router\router-proxy.js:9:17
[31m[Nest] 23480  - [39m06/03/2026, 11:32:14 PM [31m  ERROR[39m [38;5;3m[GlobalExceptionFilter] [39m[31mOFFSET must not be negative[39m
QueryFailedError: OFFSET must not be negative
    at PostgresQueryRunner.query (K:\MocPhim\Backend-NestJS\node_modules\typeorm\driver\src\driver\postgres\PostgresQueryRunner.ts:325:19)
    at process.processTicksAndRejections (node:internal/process/task_queues:95:5)
    at async SelectQueryBuilder.loadRawResults (K:\MocPhim\Backend-NestJS\node_modules\typeorm\query-builder\src\query-builder\SelectQueryBuilder.ts:3818:25)
    at async SelectQueryBuilder.executeEntitiesAndRawResults (K:\MocPhim\Backend-NestJS\node_modules\typeorm\query-builder\src\query-builder\SelectQueryBuilder.ts:3564:26)
    at async SelectQueryBuilder.getManyAndCount (K:\MocPhim\Backend-NestJS\node_modules\typeorm\query-builder\src\query-builder\SelectQueryBuilder.ts:1820:36)
    at async AdminController.getUsers (K:\MocPhim\Backend-NestJS\src\modules\admin\admin.controller.ts:27:28)
    at async K:\MocPhim\Backend-NestJS\node_modules\@nestjs\core\router\router-execution-context.js:46:28
    at async K:\MocPhim\Backend-NestJS\node_modules\@nestjs\core\router\router-proxy.js:9:17
[31m[Nest] 23480  - [39m06/03/2026, 11:32:22 PM [31m  ERROR[39m [38;5;3m[GlobalExceptionFilter] [39m[31mOFFSET must not be negative[39m
QueryFailedError: OFFSET must not be negative
    at PostgresQueryRunner.query (K:\MocPhim\Backend-NestJS\node_modules\typeorm\driver\src\driver\postgres\PostgresQueryRunner.ts:325:19)
    at process.processTicksAndRejections (node:internal/process/task_queues:95:5)
    at async SelectQueryBuilder.loadRawResults (K:\MocPhim\Backend-NestJS\node_modules\typeorm\query-builder\src\query-builder\SelectQueryBuilder.ts:3818:25)
    at async SelectQueryBuilder.executeEntitiesAndRawResults (K:\MocPhim\Backend-NestJS\node_modules\typeorm\query-builder\src\query-builder\SelectQueryBuilder.ts:3564:26)
    at async SelectQueryBuilder.getManyAndCount (K:\MocPhim\Backend-NestJS\node_modules\typeorm\query-builder\src\query-builder\SelectQueryBuilder.ts:1820:36)
    at async SyncService.getSynced (K:\MocPhim\Backend-NestJS\src\modules\sync\sync.service.ts:109:28)
    at async SyncController.getSynced (K:\MocPhim\Backend-NestJS\src\modules\sync\sync.controller.ts:35:18)
    at async K:\MocPhim\Backend-NestJS\node_modules\@nestjs\core\router\router-execution-context.js:46:28
    at async K:\MocPhim\Backend-NestJS\node_modules\@nestjs\core\router\router-proxy.js:9:17
[31m[Nest] 26760  - [39m06/03/2026, 11:33:34 PM [31m  ERROR[39m [38;5;3m[GlobalExceptionFilter] [39m[31mOFFSET must not be negative[39m
QueryFailedError: OFFSET must not be negative
    at PostgresQueryRunner.query (K:\MocPhim\Backend-NestJS\node_modules\typeorm\driver\src\driver\postgres\PostgresQueryRunner.ts:325:19)
    at process.processTicksAndRejections (node:internal/process/task_queues:95:5)
    at async SelectQueryBuilder.loadRawResults (K:\MocPhim\Backend-NestJS\node_modules\typeorm\query-builder\src\query-builder\SelectQueryBuilder.ts:3818:25)
    at async SelectQueryBuilder.executeEntitiesAndRawResults (K:\MocPhim\Backend-NestJS\node_modules\typeorm\query-builder\src\query-builder\SelectQueryBuilder.ts:3564:26)
    at async SelectQueryBuilder.getManyAndCount (K:\MocPhim\Backend-NestJS\node_modules\typeorm\query-builder\src\query-builder\SelectQueryBuilder.ts:1820:36)
    at async SyncService.getSynced (K:\MocPhim\Backend-NestJS\src\modules\sync\sync.service.ts:109:28)
    at async SyncController.getSynced (K:\MocPhim\Backend-NestJS\src\modules\sync\sync.controller.ts:35:18)
    at async K:\MocPhim\Backend-NestJS\node_modules\@nestjs\core\router\router-execution-context.js:46:28
    at async K:\MocPhim\Backend-NestJS\node_modules\@nestjs\core\router\router-proxy.js:9:17
[31m[Nest] 26760  - [39m06/03/2026, 11:33:34 PM [31m  ERROR[39m [38;5;3m[GlobalExceptionFilter] [39m[31mOFFSET must not be negative[39m
QueryFailedError: OFFSET must not be negative
    at PostgresQueryRunner.query (K:\MocPhim\Backend-NestJS\node_modules\typeorm\driver\src\driver\postgres\PostgresQueryRunner.ts:325:19)
    at process.processTicksAndRejections (node:internal/process/task_queues:95:5)
    at async SelectQueryBuilder.loadRawResults (K:\MocPhim\Backend-NestJS\node_modules\typeorm\query-builder\src\query-builder\SelectQueryBuilder.ts:3818:25)
    at async SelectQueryBuilder.executeEntitiesAndRawResults (K:\MocPhim\Backend-NestJS\node_modules\typeorm\query-builder\src\query-builder\SelectQueryBuilder.ts:3564:26)
    at async SelectQueryBuilder.getManyAndCount (K:\MocPhim\Backend-NestJS\node_modules\typeorm\query-builder\src\query-builder\SelectQueryBuilder.ts:1820:36)
    at async SyncService.getSynced (K:\MocPhim\Backend-NestJS\src\modules\sync\sync.service.ts:109:28)
    at async SyncController.getSynced (K:\MocPhim\Backend-NestJS\src\modules\sync\sync.controller.ts:35:18)
    at async K:\MocPhim\Backend-NestJS\node_modules\@nestjs\core\router\router-execution-context.js:46:28
    at async K:\MocPhim\Backend-NestJS\node_modules\@nestjs\core\router\router-proxy.js:9:17
[31m[Nest] 26760  - [39m06/03/2026, 11:33:34 PM [31m  ERROR[39m [38;5;3m[GlobalExceptionFilter] [39m[31mOFFSET must not be negative[39m
QueryFailedError: OFFSET must not be negative
    at PostgresQueryRunner.query (K:\MocPhim\Backend-NestJS\node_modules\typeorm\driver\src\driver\postgres\PostgresQueryRunner.ts:325:19)
    at process.processTicksAndRejections (node:internal/process/task_queues:95:5)
    at async SelectQueryBuilder.loadRawResults (K:\MocPhim\Backend-NestJS\node_modules\typeorm\query-builder\src\query-builder\SelectQueryBuilder.ts:3818:25)
    at async SelectQueryBuilder.executeEntitiesAndRawResults (K:\MocPhim\Backend-NestJS\node_modules\typeorm\query-builder\src\query-builder\SelectQueryBuilder.ts:3564:26)
    at async SelectQueryBuilder.getManyAndCount (K:\MocPhim\Backend-NestJS\node_modules\typeorm\query-builder\src\query-builder\SelectQueryBuilder.ts:1820:36)
    at async AdminController.getUsers (K:\MocPhim\Backend-NestJS\src\modules\admin\admin.controller.ts:27:28)
    at async K:\MocPhim\Backend-NestJS\node_modules\@nestjs\core\router\router-execution-context.js:46:28
    at async K:\MocPhim\Backend-NestJS\node_modules\@nestjs\core\router\router-proxy.js:9:17
[31m[Nest] 26760  - [39m06/03/2026, 11:33:34 PM [31m  ERROR[39m [38;5;3m[GlobalExceptionFilter] [39m[31mOFFSET must not be negative[39m
QueryFailedError: OFFSET must not be negative
    at PostgresQueryRunner.query (K:\MocPhim\Backend-NestJS\node_modules\typeorm\driver\src\driver\postgres\PostgresQueryRunner.ts:325:19)
    at process.processTicksAndRejections (node:internal/process/task_queues:95:5)
    at async SelectQueryBuilder.loadRawResults (K:\MocPhim\Backend-NestJS\node_modules\typeorm\query-builder\src\query-builder\SelectQueryBuilder.ts:3818:25)
    at async SelectQueryBuilder.executeEntitiesAndRawResults (K:\MocPhim\Backend-NestJS\node_modules\typeorm\query-builder\src\query-builder\SelectQueryBuilder.ts:3564:26)
    at async SelectQueryBuilder.getManyAndCount (K:\MocPhim\Backend-NestJS\node_modules\typeorm\query-builder\src\query-builder\SelectQueryBuilder.ts:1820:36)
    at async AdminController.getUsers (K:\MocPhim\Backend-NestJS\src\modules\admin\admin.controller.ts:27:28)
    at async K:\MocPhim\Backend-NestJS\node_modules\@nestjs\core\router\router-execution-context.js:46:28
    at async K:\MocPhim\Backend-NestJS\node_modules\@nestjs\core\router\router-proxy.js:9:17
[31m[Nest] 26760  - [39m06/03/2026, 11:33:41 PM [31m  ERROR[39m [38;5;3m[GlobalExceptionFilter] [39m[31mOFFSET must not be negative[39m
QueryFailedError: OFFSET must not be negative
    at PostgresQueryRunner.query (K:\MocPhim\Backend-NestJS\node_modules\typeorm\driver\src\driver\postgres\PostgresQueryRunner.ts:325:19)
    at process.processTicksAndRejections (node:internal/process/task_queues:95:5)
    at async SelectQueryBuilder.loadRawResults (K:\MocPhim\Backend-NestJS\node_modules\typeorm\query-builder\src\query-builder\SelectQueryBuilder.ts:3818:25)
    at async SelectQueryBuilder.executeEntitiesAndRawResults (K:\MocPhim\Backend-NestJS\node_modules\typeorm\query-builder\src\query-builder\SelectQueryBuilder.ts:3564:26)
    at async SelectQueryBuilder.getManyAndCount (K:\MocPhim\Backend-NestJS\node_modules\typeorm\query-builder\src\query-builder\SelectQueryBuilder.ts:1820:36)
    at async SyncService.getSynced (K:\MocPhim\Backend-NestJS\src\modules\sync\sync.service.ts:109:28)
    at async SyncController.getSynced (K:\MocPhim\Backend-NestJS\src\modules\sync\sync.controller.ts:35:18)
    at async K:\MocPhim\Backend-NestJS\node_modules\@nestjs\core\router\router-execution-context.js:46:28
    at async K:\MocPhim\Backend-NestJS\node_modules\@nestjs\core\router\router-proxy.js:9:17
[31m[Nest] 26760  - [39m06/03/2026, 11:34:18 PM [31m  ERROR[39m [38;5;3m[GlobalExceptionFilter] [39m[31mOFFSET must not be negative[39m
QueryFailedError: OFFSET must not be negative
    at PostgresQueryRunner.query (K:\MocPhim\Backend-NestJS\node_modules\typeorm\driver\src\driver\postgres\PostgresQueryRunner.ts:325:19)
    at process.processTicksAndRejections (node:internal/process/task_queues:95:5)
    at async SelectQueryBuilder.loadRawResults (K:\MocPhim\Backend-NestJS\node_modules\typeorm\query-builder\src\query-builder\SelectQueryBuilder.ts:3818:25)
    at async SelectQueryBuilder.executeEntitiesAndRawResults (K:\MocPhim\Backend-NestJS\node_modules\typeorm\query-builder\src\query-builder\SelectQueryBuilder.ts:3564:26)
    at async SelectQueryBuilder.getManyAndCount (K:\MocPhim\Backend-NestJS\node_modules\typeorm\query-builder\src\query-builder\SelectQueryBuilder.ts:1820:36)
    at async AdminController.getUsers (K:\MocPhim\Backend-NestJS\src\modules\admin\admin.controller.ts:27:28)
    at async K:\MocPhim\Backend-NestJS\node_modules\@nestjs\core\router\router-execution-context.js:46:28
    at async K:\MocPhim\Backend-NestJS\node_modules\@nestjs\core\router\router-proxy.js:9:17
[31m[Nest] 26760  - [39m06/03/2026, 11:34:18 PM [31m  ERROR[39m [38;5;3m[GlobalExceptionFilter] [39m[31mOFFSET must not be negative[39m
QueryFailedError: OFFSET must not be negative
    at PostgresQueryRunner.query (K:\MocPhim\Backend-NestJS\node_modules\typeorm\driver\src\driver\postgres\PostgresQueryRunner.ts:325:19)
    at process.processTicksAndRejections (node:internal/process/task_queues:95:5)
    at async SelectQueryBuilder.loadRawResults (K:\MocPhim\Backend-NestJS\node_modules\typeorm\query-builder\src\query-builder\SelectQueryBuilder.ts:3818:25)
    at async SelectQueryBuilder.executeEntitiesAndRawResults (K:\MocPhim\Backend-NestJS\node_modules\typeorm\query-builder\src\query-builder\SelectQueryBuilder.ts:3564:26)
    at async SelectQueryBuilder.getManyAndCount (K:\MocPhim\Backend-NestJS\node_modules\typeorm\query-builder\src\query-builder\SelectQueryBuilder.ts:1820:36)
    at async AdminController.getUsers (K:\MocPhim\Backend-NestJS\src\modules\admin\admin.controller.ts:27:28)
    at async K:\MocPhim\Backend-NestJS\node_modules\@nestjs\core\router\router-execution-context.js:46:28
    at async K:\MocPhim\Backend-NestJS\node_modules\@nestjs\core\router\router-proxy.js:9:17
[31m[Nest] 26760  - [39m06/03/2026, 11:34:18 PM [31m  ERROR[39m [38;5;3m[GlobalExceptionFilter] [39m[31mOFFSET must not be negative[39m
QueryFailedError: OFFSET must not be negative
    at PostgresQueryRunner.query (K:\MocPhim\Backend-NestJS\node_modules\typeorm\driver\src\driver\postgres\PostgresQueryRunner.ts:325:19)
    at process.processTicksAndRejections (node:internal/process/task_queues:95:5)
    at async SelectQueryBuilder.loadRawResults (K:\MocPhim\Backend-NestJS\node_modules\typeorm\query-builder\src\query-builder\SelectQueryBuilder.ts:3818:25)
    at async SelectQueryBuilder.executeEntitiesAndRawResults (K:\MocPhim\Backend-NestJS\node_modules\typeorm\query-builder\src\query-builder\SelectQueryBuilder.ts:3564:26)
    at async SelectQueryBuilder.getManyAndCount (K:\MocPhim\Backend-NestJS\node_modules\typeorm\query-builder\src\query-builder\SelectQueryBuilder.ts:1820:36)
    at async SyncService.getSynced (K:\MocPhim\Backend-NestJS\src\modules\sync\sync.service.ts:109:28)
    at async SyncController.getSynced (K:\MocPhim\Backend-NestJS\src\modules\sync\sync.controller.ts:35:18)
    at async K:\MocPhim\Backend-NestJS\node_modules\@nestjs\core\router\router-execution-context.js:46:28
    at async K:\MocPhim\Backend-NestJS\node_modules\@nestjs\core\router\router-proxy.js:9:17
[31m[Nest] 26760  - [39m06/03/2026, 11:34:18 PM [31m  ERROR[39m [38;5;3m[GlobalExceptionFilter] [39m[31mOFFSET must not be negative[39m
QueryFailedError: OFFSET must not be negative
    at PostgresQueryRunner.query (K:\MocPhim\Backend-NestJS\node_modules\typeorm\driver\src\driver\postgres\PostgresQueryRunner.ts:325:19)
    at process.processTicksAndRejections (node:internal/process/task_queues:95:5)
    at async SelectQueryBuilder.loadRawResults (K:\MocPhim\Backend-NestJS\node_modules\typeorm\query-builder\src\query-builder\SelectQueryBuilder.ts:3818:25)
    at async SelectQueryBuilder.executeEntitiesAndRawResults (K:\MocPhim\Backend-NestJS\node_modules\typeorm\query-builder\src\query-builder\SelectQueryBuilder.ts:3564:26)
    at async SelectQueryBuilder.getManyAndCount (K:\MocPhim\Backend-NestJS\node_modules\typeorm\query-builder\src\query-builder\SelectQueryBuilder.ts:1820:36)
    at async SyncService.getSynced (K:\MocPhim\Backend-NestJS\src\modules\sync\sync.service.ts:109:28)
    at async SyncController.getSynced (K:\MocPhim\Backend-NestJS\src\modules\sync\sync.controller.ts:35:18)
    at async K:\MocPhim\Backend-NestJS\node_modules\@nestjs\core\router\router-execution-context.js:46:28
    at async K:\MocPhim\Backend-NestJS\node_modules\@nestjs\core\router\router-proxy.js:9:17
[31m[Nest] 27600  - [39m06/03/2026, 11:39:38 PM [31m  ERROR[39m [38;5;3m[OphimService] [39m[31mOPhim API error [/phim/test-movie]: Request failed with status code 404[39m
[31m[Nest] 27600  - [39m06/03/2026, 11:39:56 PM [31m  ERROR[39m [38;5;3m[GlobalExceptionFilter] [39m[31mOFFSET must not be negative[39m
QueryFailedError: OFFSET must not be negative
    at PostgresQueryRunner.query (K:\MocPhim\Backend-NestJS\node_modules\typeorm\driver\src\driver\postgres\PostgresQueryRunner.ts:325:19)
    at process.processTicksAndRejections (node:internal/process/task_queues:95:5)
    at async SelectQueryBuilder.loadRawResults (K:\MocPhim\Backend-NestJS\node_modules\typeorm\query-builder\src\query-builder\SelectQueryBuilder.ts:3818:25)
    at async SelectQueryBuilder.executeEntitiesAndRawResults (K:\MocPhim\Backend-NestJS\node_modules\typeorm\query-builder\src\query-builder\SelectQueryBuilder.ts:3564:26)
    at async SelectQueryBuilder.getManyAndCount (K:\MocPhim\Backend-NestJS\node_modules\typeorm\query-builder\src\query-builder\SelectQueryBuilder.ts:1820:36)
    at async SyncService.getSynced (K:\MocPhim\Backend-NestJS\src\modules\sync\sync.service.ts:109:28)
    at async SyncController.getSynced (K:\MocPhim\Backend-NestJS\src\modules\sync\sync.controller.ts:35:18)
    at async K:\MocPhim\Backend-NestJS\node_modules\@nestjs\core\router\router-execution-context.js:46:28
    at async K:\MocPhim\Backend-NestJS\node_modules\@nestjs\core\router\router-proxy.js:9:17
[31m[Nest] 27600  - [39m06/03/2026, 11:40:01 PM [31m  ERROR[39m [38;5;3m[GlobalExceptionFilter] [39m[31mOFFSET must not be negative[39m
QueryFailedError: OFFSET must not be negative
    at PostgresQueryRunner.query (K:\MocPhim\Backend-NestJS\node_modules\typeorm\driver\src\driver\postgres\PostgresQueryRunner.ts:325:19)
    at process.processTicksAndRejections (node:internal/process/task_queues:95:5)
    at async SelectQueryBuilder.loadRawResults (K:\MocPhim\Backend-NestJS\node_modules\typeorm\query-builder\src\query-builder\SelectQueryBuilder.ts:3818:25)
    at async SelectQueryBuilder.executeEntitiesAndRawResults (K:\MocPhim\Backend-NestJS\node_modules\typeorm\query-builder\src\query-builder\SelectQueryBuilder.ts:3564:26)
    at async SelectQueryBuilder.getManyAndCount (K:\MocPhim\Backend-NestJS\node_modules\typeorm\query-builder\src\query-builder\SelectQueryBuilder.ts:1820:36)
    at async SyncService.getSynced (K:\MocPhim\Backend-NestJS\src\modules\sync\sync.service.ts:109:28)
    at async SyncController.getSynced (K:\MocPhim\Backend-NestJS\src\modules\sync\sync.controller.ts:35:18)
    at async K:\MocPhim\Backend-NestJS\node_modules\@nestjs\core\router\router-execution-context.js:46:28
    at async K:\MocPhim\Backend-NestJS\node_modules\@nestjs\core\router\router-proxy.js:9:17
[31m[Nest] 27600  - [39m06/03/2026, 11:40:08 PM [31m  ERROR[39m [38;5;3m[GlobalExceptionFilter] [39m[31mOFFSET must not be negative[39m
QueryFailedError: OFFSET must not be negative
    at PostgresQueryRunner.query (K:\MocPhim\Backend-NestJS\node_modules\typeorm\driver\src\driver\postgres\PostgresQueryRunner.ts:325:19)
    at process.processTicksAndRejections (node:internal/process/task_queues:95:5)
    at async SelectQueryBuilder.loadRawResults (K:\MocPhim\Backend-NestJS\node_modules\typeorm\query-builder\src\query-builder\SelectQueryBuilder.ts:3818:25)
    at async SelectQueryBuilder.executeEntitiesAndRawResults (K:\MocPhim\Backend-NestJS\node_modules\typeorm\query-builder\src\query-builder\SelectQueryBuilder.ts:3564:26)
    at async SelectQueryBuilder.getManyAndCount (K:\MocPhim\Backend-NestJS\node_modules\typeorm\query-builder\src\query-builder\SelectQueryBuilder.ts:1820:36)
    at async SyncService.getSynced (K:\MocPhim\Backend-NestJS\src\modules\sync\sync.service.ts:109:28)
    at async SyncController.getSynced (K:\MocPhim\Backend-NestJS\src\modules\sync\sync.controller.ts:35:18)
    at async K:\MocPhim\Backend-NestJS\node_modules\@nestjs\core\router\router-execution-context.js:46:28
    at async K:\MocPhim\Backend-NestJS\node_modules\@nestjs\core\router\router-proxy.js:9:17
[31m[Nest] 27600  - [39m06/03/2026, 11:40:08 PM [31m  ERROR[39m [38;5;3m[GlobalExceptionFilter] [39m[31mOFFSET must not be negative[39m
QueryFailedError: OFFSET must not be negative
    at PostgresQueryRunner.query (K:\MocPhim\Backend-NestJS\node_modules\typeorm\driver\src\driver\postgres\PostgresQueryRunner.ts:325:19)
    at process.processTicksAndRejections (node:internal/process/task_queues:95:5)
    at async SelectQueryBuilder.loadRawResults (K:\MocPhim\Backend-NestJS\node_modules\typeorm\query-builder\src\query-builder\SelectQueryBuilder.ts:3818:25)
    at async SelectQueryBuilder.executeEntitiesAndRawResults (K:\MocPhim\Backend-NestJS\node_modules\typeorm\query-builder\src\query-builder\SelectQueryBuilder.ts:3564:26)
    at async SelectQueryBuilder.getManyAndCount (K:\MocPhim\Backend-NestJS\node_modules\typeorm\query-builder\src\query-builder\SelectQueryBuilder.ts:1820:36)
    at async AdminController.getUsers (K:\MocPhim\Backend-NestJS\src\modules\admin\admin.controller.ts:27:28)
    at async K:\MocPhim\Backend-NestJS\node_modules\@nestjs\core\router\router-execution-context.js:46:28
    at async K:\MocPhim\Backend-NestJS\node_modules\@nestjs\core\router\router-proxy.js:9:17
[31m[Nest] 27600  - [39m06/03/2026, 11:40:08 PM [31m  ERROR[39m [38;5;3m[GlobalExceptionFilter] [39m[31mOFFSET must not be negative[39m
QueryFailedError: OFFSET must not be negative
    at PostgresQueryRunner.query (K:\MocPhim\Backend-NestJS\node_modules\typeorm\driver\src\driver\postgres\PostgresQueryRunner.ts:325:19)
    at process.processTicksAndRejections (node:internal/process/task_queues:95:5)
    at async SelectQueryBuilder.loadRawResults (K:\MocPhim\Backend-NestJS\node_modules\typeorm\query-builder\src\query-builder\SelectQueryBuilder.ts:3818:25)
    at async SelectQueryBuilder.executeEntitiesAndRawResults (K:\MocPhim\Backend-NestJS\node_modules\typeorm\query-builder\src\query-builder\SelectQueryBuilder.ts:3564:26)
    at async SelectQueryBuilder.getManyAndCount (K:\MocPhim\Backend-NestJS\node_modules\typeorm\query-builder\src\query-builder\SelectQueryBuilder.ts:1820:36)
    at async SyncService.getSynced (K:\MocPhim\Backend-NestJS\src\modules\sync\sync.service.ts:109:28)
    at async SyncController.getSynced (K:\MocPhim\Backend-NestJS\src\modules\sync\sync.controller.ts:35:18)
    at async K:\MocPhim\Backend-NestJS\node_modules\@nestjs\core\router\router-execution-context.js:46:28
    at async K:\MocPhim\Backend-NestJS\node_modules\@nestjs\core\router\router-proxy.js:9:17
[31m[Nest] 27600  - [39m06/03/2026, 11:40:08 PM [31m  ERROR[39m [38;5;3m[GlobalExceptionFilter] [39m[31mOFFSET must not be negative[39m
QueryFailedError: OFFSET must not be negative
    at PostgresQueryRunner.query (K:\MocPhim\Backend-NestJS\node_modules\typeorm\driver\src\driver\postgres\PostgresQueryRunner.ts:325:19)
    at process.processTicksAndRejections (node:internal/process/task_queues:95:5)
    at async SelectQueryBuilder.loadRawResults (K:\MocPhim\Backend-NestJS\node_modules\typeorm\query-builder\src\query-builder\SelectQueryBuilder.ts:3818:25)
    at async SelectQueryBuilder.executeEntitiesAndRawResults (K:\MocPhim\Backend-NestJS\node_modules\typeorm\query-builder\src\query-builder\SelectQueryBuilder.ts:3564:26)
    at async SelectQueryBuilder.getManyAndCount (K:\MocPhim\Backend-NestJS\node_modules\typeorm\query-builder\src\query-builder\SelectQueryBuilder.ts:1820:36)
    at async AdminController.getUsers (K:\MocPhim\Backend-NestJS\src\modules\admin\admin.controller.ts:27:28)
    at async K:\MocPhim\Backend-NestJS\node_modules\@nestjs\core\router\router-execution-context.js:46:28
    at async K:\MocPhim\Backend-NestJS\node_modules\@nestjs\core\router\router-proxy.js:9:17
[31m[Nest] 27600  - [39m06/03/2026, 11:40:38 PM [31m  ERROR[39m [38;5;3m[GlobalExceptionFilter] [39m[31mOFFSET must not be negative[39m
QueryFailedError: OFFSET must not be negative
    at PostgresQueryRunner.query (K:\MocPhim\Backend-NestJS\node_modules\typeorm\driver\src\driver\postgres\PostgresQueryRunner.ts:325:19)
    at process.processTicksAndRejections (node:internal/process/task_queues:95:5)
    at async SelectQueryBuilder.loadRawResults (K:\MocPhim\Backend-NestJS\node_modules\typeorm\query-builder\src\query-builder\SelectQueryBuilder.ts:3818:25)
    at async SelectQueryBuilder.executeEntitiesAndRawResults (K:\MocPhim\Backend-NestJS\node_modules\typeorm\query-builder\src\query-builder\SelectQueryBuilder.ts:3564:26)
    at async SelectQueryBuilder.getManyAndCount (K:\MocPhim\Backend-NestJS\node_modules\typeorm\query-builder\src\query-builder\SelectQueryBuilder.ts:1820:36)
    at async AdminController.getUsers (K:\MocPhim\Backend-NestJS\src\modules\admin\admin.controller.ts:27:28)
    at async K:\MocPhim\Backend-NestJS\node_modules\@nestjs\core\router\router-execution-context.js:46:28
    at async K:\MocPhim\Backend-NestJS\node_modules\@nestjs\core\router\router-proxy.js:9:17
[31m[Nest] 27600  - [39m06/03/2026, 11:40:38 PM [31m  ERROR[39m [38;5;3m[GlobalExceptionFilter] [39m[31mOFFSET must not be negative[39m
QueryFailedError: OFFSET must not be negative
    at PostgresQueryRunner.query (K:\MocPhim\Backend-NestJS\node_modules\typeorm\driver\src\driver\postgres\PostgresQueryRunner.ts:325:19)
    at process.processTicksAndRejections (node:internal/process/task_queues:95:5)
    at async SelectQueryBuilder.loadRawResults (K:\MocPhim\Backend-NestJS\node_modules\typeorm\query-builder\src\query-builder\SelectQueryBuilder.ts:3818:25)
    at async SelectQueryBuilder.executeEntitiesAndRawResults (K:\MocPhim\Backend-NestJS\node_modules\typeorm\query-builder\src\query-builder\SelectQueryBuilder.ts:3564:26)
    at async SelectQueryBuilder.getManyAndCount (K:\MocPhim\Backend-NestJS\node_modules\typeorm\query-builder\src\query-builder\SelectQueryBuilder.ts:1820:36)
    at async SyncService.getSynced (K:\MocPhim\Backend-NestJS\src\modules\sync\sync.service.ts:109:28)
    at async SyncController.getSynced (K:\MocPhim\Backend-NestJS\src\modules\sync\sync.controller.ts:35:18)
    at async K:\MocPhim\Backend-NestJS\node_modules\@nestjs\core\router\router-execution-context.js:46:28
    at async K:\MocPhim\Backend-NestJS\node_modules\@nestjs\core\router\router-proxy.js:9:17
[31m[Nest] 27600  - [39m06/03/2026, 11:40:38 PM [31m  ERROR[39m [38;5;3m[GlobalExceptionFilter] [39m[31mOFFSET must not be negative[39m
QueryFailedError: OFFSET must not be negative
    at PostgresQueryRunner.query (K:\MocPhim\Backend-NestJS\node_modules\typeorm\driver\src\driver\postgres\PostgresQueryRunner.ts:325:19)
    at process.processTicksAndRejections (node:internal/process/task_queues:95:5)
    at async SelectQueryBuilder.loadRawResults (K:\MocPhim\Backend-NestJS\node_modules\typeorm\query-builder\src\query-builder\SelectQueryBuilder.ts:3818:25)
    at async SelectQueryBuilder.executeEntitiesAndRawResults (K:\MocPhim\Backend-NestJS\node_modules\typeorm\query-builder\src\query-builder\SelectQueryBuilder.ts:3564:26)
    at async SelectQueryBuilder.getManyAndCount (K:\MocPhim\Backend-NestJS\node_modules\typeorm\query-builder\src\query-builder\SelectQueryBuilder.ts:1820:36)
    at async SyncService.getSynced (K:\MocPhim\Backend-NestJS\src\modules\sync\sync.service.ts:109:28)
    at async SyncController.getSynced (K:\MocPhim\Backend-NestJS\src\modules\sync\sync.controller.ts:35:18)
    at async K:\MocPhim\Backend-NestJS\node_modules\@nestjs\core\router\router-execution-context.js:46:28
    at async K:\MocPhim\Backend-NestJS\node_modules\@nestjs\core\router\router-proxy.js:9:17
[31m[Nest] 27600  - [39m06/03/2026, 11:40:38 PM [31m  ERROR[39m [38;5;3m[GlobalExceptionFilter] [39m[31mOFFSET must not be negative[39m
QueryFailedError: OFFSET must not be negative
    at PostgresQueryRunner.query (K:\MocPhim\Backend-NestJS\node_modules\typeorm\driver\src\driver\postgres\PostgresQueryRunner.ts:325:19)
    at process.processTicksAndRejections (node:internal/process/task_queues:95:5)
    at async SelectQueryBuilder.loadRawResults (K:\MocPhim\Backend-NestJS\node_modules\typeorm\query-builder\src\query-builder\SelectQueryBuilder.ts:3818:25)
    at async SelectQueryBuilder.executeEntitiesAndRawResults (K:\MocPhim\Backend-NestJS\node_modules\typeorm\query-builder\src\query-builder\SelectQueryBuilder.ts:3564:26)
    at async SelectQueryBuilder.getManyAndCount (K:\MocPhim\Backend-NestJS\node_modules\typeorm\query-builder\src\query-builder\SelectQueryBuilder.ts:1820:36)
    at async AdminController.getUsers (K:\MocPhim\Backend-NestJS\src\modules\admin\admin.controller.ts:27:28)
    at async K:\MocPhim\Backend-NestJS\node_modules\@nestjs\core\router\router-execution-context.js:46:28
    at async K:\MocPhim\Backend-NestJS\node_modules\@nestjs\core\router\router-proxy.js:9:17
[31m[Nest] 24824  - [39m06/04/2026, 12:09:31 AM [31m  ERROR[39m [38;5;3m[GlobalExceptionFilter] [39m[31mduplicate key value violates unique constraint "UQ_c804a593af56c788e89c20ad8c7"[39m
QueryFailedError: duplicate key value violates unique constraint "UQ_c804a593af56c788e89c20ad8c7"
    at PostgresQueryRunner.query (K:\MocPhim\Backend-NestJS\node_modules\typeorm\driver\src\driver\postgres\PostgresQueryRunner.ts:325:19)
    at process.processTicksAndRejections (node:internal/process/task_queues:95:5)
    at async InsertQueryBuilder.execute (K:\MocPhim\Backend-NestJS\node_modules\typeorm\query-builder\src\query-builder\InsertQueryBuilder.ts:164:33)
    at async SubjectExecutor.executeInsertOperations (K:\MocPhim\Backend-NestJS\node_modules\typeorm\persistence\src\persistence\SubjectExecutor.ts:435:42)
    at async SubjectExecutor.execute (K:\MocPhim\Backend-NestJS\node_modules\typeorm\persistence\src\persistence\SubjectExecutor.ts:137:9)
    at async EntityPersistExecutor.execute (K:\MocPhim\Backend-NestJS\node_modules\typeorm\persistence\src\persistence\EntityPersistExecutor.ts:182:21)
    at async ViewsService.increment (K:\MocPhim\Backend-NestJS\src\modules\views\views.service.ts:30:5)
    at async ViewsController.increment (K:\MocPhim\Backend-NestJS\src\modules\views\views.controller.ts:37:18)
    at async K:\MocPhim\Backend-NestJS\node_modules\@nestjs\core\router\router-execution-context.js:46:28
    at async K:\MocPhim\Backend-NestJS\node_modules\@nestjs\core\router\router-proxy.js:9:17
[31m[Nest] 24824  - [39m06/04/2026, 12:09:46 AM [31m  ERROR[39m [38;5;3m[GlobalExceptionFilter] [39m[31mduplicate key value violates unique constraint "UQ_c804a593af56c788e89c20ad8c7"[39m
QueryFailedError: duplicate key value violates unique constraint "UQ_c804a593af56c788e89c20ad8c7"
    at PostgresQueryRunner.query (K:\MocPhim\Backend-NestJS\node_modules\typeorm\driver\src\driver\postgres\PostgresQueryRunner.ts:325:19)
    at process.processTicksAndRejections (node:internal/process/task_queues:95:5)
    at async InsertQueryBuilder.execute (K:\MocPhim\Backend-NestJS\node_modules\typeorm\query-builder\src\query-builder\InsertQueryBuilder.ts:164:33)
    at async SubjectExecutor.executeInsertOperations (K:\MocPhim\Backend-NestJS\node_modules\typeorm\persistence\src\persistence\SubjectExecutor.ts:435:42)
    at async SubjectExecutor.execute (K:\MocPhim\Backend-NestJS\node_modules\typeorm\persistence\src\persistence\SubjectExecutor.ts:137:9)
    at async EntityPersistExecutor.execute (K:\MocPhim\Backend-NestJS\node_modules\typeorm\persistence\src\persistence\EntityPersistExecutor.ts:182:21)
    at async ViewsService.increment (K:\MocPhim\Backend-NestJS\src\modules\views\views.service.ts:30:5)
    at async ViewsController.increment (K:\MocPhim\Backend-NestJS\src\modules\views\views.controller.ts:37:18)
    at async K:\MocPhim\Backend-NestJS\node_modules\@nestjs\core\router\router-execution-context.js:46:28
    at async K:\MocPhim\Backend-NestJS\node_modules\@nestjs\core\router\router-proxy.js:9:17
[31m[Nest] 24824  - [39m06/04/2026, 12:09:49 AM [31m  ERROR[39m [38;5;3m[GlobalExceptionFilter] [39m[31mduplicate key value violates unique constraint "UQ_c804a593af56c788e89c20ad8c7"[39m
QueryFailedError: duplicate key value violates unique constraint "UQ_c804a593af56c788e89c20ad8c7"
    at PostgresQueryRunner.query (K:\MocPhim\Backend-NestJS\node_modules\typeorm\driver\src\driver\postgres\PostgresQueryRunner.ts:325:19)
    at process.processTicksAndRejections (node:internal/process/task_queues:95:5)
    at async InsertQueryBuilder.execute (K:\MocPhim\Backend-NestJS\node_modules\typeorm\query-builder\src\query-builder\InsertQueryBuilder.ts:164:33)
    at async SubjectExecutor.executeInsertOperations (K:\MocPhim\Backend-NestJS\node_modules\typeorm\persistence\src\persistence\SubjectExecutor.ts:435:42)
    at async SubjectExecutor.execute (K:\MocPhim\Backend-NestJS\node_modules\typeorm\persistence\src\persistence\SubjectExecutor.ts:137:9)
    at async EntityPersistExecutor.execute (K:\MocPhim\Backend-NestJS\node_modules\typeorm\persistence\src\persistence\EntityPersistExecutor.ts:182:21)
    at async ViewsService.increment (K:\MocPhim\Backend-NestJS\src\modules\views\views.service.ts:30:5)
    at async ViewsController.increment (K:\MocPhim\Backend-NestJS\src\modules\views\views.controller.ts:37:18)
    at async K:\MocPhim\Backend-NestJS\node_modules\@nestjs\core\router\router-execution-context.js:46:28
    at async K:\MocPhim\Backend-NestJS\node_modules\@nestjs\core\router\router-proxy.js:9:17
